2022-04-02 16:24:25,378-getdataa-8-root-INFO-获取yaml文件数据
2022-04-02 16:24:25,439-getdataa-8-root-INFO-获取yaml文件数据
2022-04-02 16:24:30,565-basepage-7-root-INFO-实例传递驱动
2022-04-02 16:24:35,186-basepage-11-root-INFO-进入http://39.98.138.157/shopxo/index.php?s=/index/user/logininfo.html页面
2022-04-02 16:24:35,208-basepage-25-root-INFO-输入用户名或者密码sysadmin2
2022-04-02 16:24:35,222-basepage-25-root-INFO-输入用户名或者密码sysadmin2
2022-04-02 16:24:35,444-test_case_demo-19-root-INFO-正在校验中
2022-04-02 16:24:45,894-basepage-15-root-INFO-校验失败
2022-04-02 16:24:51,052-basepage-7-root-INFO-实例传递驱动
2022-04-02 16:24:56,142-basepage-11-root-INFO-进入http://39.98.138.157/shopxo/index.php?s=/index/user/logininfo.html页面
2022-04-02 16:24:56,165-basepage-25-root-INFO-输入用户名或者密码sysadmin3
2022-04-02 16:24:56,180-basepage-25-root-INFO-输入用户名或者密码sysadmin3
2022-04-02 16:24:56,406-test_case_demo-19-root-INFO-正在校验中
2022-04-02 16:25:06,866-basepage-15-root-INFO-校验失败
2022-04-02 16:25:12,024-basepage-7-root-INFO-实例传递驱动
2022-04-02 16:25:16,586-basepage-11-root-INFO-进入http://39.98.138.157/shopxo/index.php?s=/index/user/logininfo.html页面
2022-04-02 16:25:16,607-basepage-25-root-INFO-输入用户名或者密码sysadmin1
2022-04-02 16:25:16,620-basepage-25-root-INFO-输入用户名或者密码sysadmin1
2022-04-02 16:25:16,844-test_case_demo-19-root-INFO-正在校验中
2022-04-02 16:25:26,864-test_case_demo-23-root-INFO-校验成功
