2022-04-02 16:44:12,618-getdataa-8-root-INFO-获取yaml文件数据
2022-04-02 16:44:12,709-getdataa-8-root-INFO-获取yaml文件数据
2022-04-02 16:44:17,834-basepage-7-root-INFO-实例传递驱动
2022-04-02 16:44:22,774-basepage-11-root-INFO-进入http://39.98.138.157/shopxo/index.php?s=/index/user/logininfo.html页面
2022-04-02 16:44:22,798-basepage-25-root-INFO-输入用户名或者密码sysadmin1
2022-04-02 16:44:22,813-basepage-25-root-INFO-输入用户名或者密码sysadmin1
2022-04-02 16:44:23,038-test_case_demo-19-root-INFO-正在校验中
2022-04-02 16:44:29,054-test_case_demo-23-root-INFO-校验成功
2022-04-02 16:44:34,628-basepage-7-root-INFO-实例传递驱动
2022-04-02 16:44:38,984-basepage-11-root-INFO-进入http://39.98.138.157/shopxo/index.php?s=/index/user/logininfo.html页面
2022-04-02 16:44:39,007-basepage-25-root-INFO-输入用户名或者密码sysadmin2
2022-04-02 16:44:39,022-basepage-25-root-INFO-输入用户名或者密码sysadmin2
2022-04-02 16:44:39,246-test_case_demo-19-root-INFO-正在校验中
2022-04-02 16:44:45,700-basepage-15-root-INFO-校验失败
2022-04-02 16:44:50,345-basepage-7-root-INFO-实例传递驱动
2022-04-02 16:44:55,194-basepage-11-root-INFO-进入http://39.98.138.157/shopxo/index.php?s=/index/user/logininfo.html页面
2022-04-02 16:44:55,216-basepage-25-root-INFO-输入用户名或者密码sysadmin3
2022-04-02 16:44:55,230-basepage-25-root-INFO-输入用户名或者密码sysadmin3
2022-04-02 16:44:55,457-test_case_demo-19-root-INFO-正在校验中
2022-04-02 16:45:01,908-basepage-15-root-INFO-校验失败
