2022-04-02 16:38:02,301-getdataa-8-root-INFO-获取yaml文件数据
2022-04-02 16:38:02,392-getdataa-8-root-INFO-获取yaml文件数据
2022-04-02 16:38:07,558-basepage-7-root-INFO-实例传递驱动
2022-04-02 16:38:18,158-basepage-11-root-INFO-进入http://39.98.138.157/shopxo/index.php?s=/index/user/logininfo.html页面
2022-04-02 16:38:18,182-basepage-25-root-INFO-输入用户名或者密码sysadmin1
2022-04-02 16:38:18,196-basepage-25-root-INFO-输入用户名或者密码sysadmin1
2022-04-02 16:38:18,935-test_case_demo-19-root-INFO-正在校验中
2022-04-02 16:38:24,960-test_case_demo-23-root-INFO-校验成功
2022-04-02 16:38:30,549-basepage-7-root-INFO-实例传递驱动
2022-04-02 16:38:35,327-basepage-11-root-INFO-进入http://39.98.138.157/shopxo/index.php?s=/index/user/logininfo.html页面
2022-04-02 16:38:35,347-basepage-25-root-INFO-输入用户名或者密码sysadmin2
2022-04-02 16:38:35,359-basepage-25-root-INFO-输入用户名或者密码sysadmin2
2022-04-02 16:38:36,082-test_case_demo-19-root-INFO-正在校验中
2022-04-02 16:38:42,529-basepage-15-root-INFO-校验失败
2022-04-02 16:38:47,661-basepage-7-root-INFO-实例传递驱动
2022-04-02 16:38:52,346-basepage-11-root-INFO-进入http://39.98.138.157/shopxo/index.php?s=/index/user/logininfo.html页面
2022-04-02 16:38:52,367-basepage-25-root-INFO-输入用户名或者密码sysadmin3
2022-04-02 16:38:52,380-basepage-25-root-INFO-输入用户名或者密码sysadmin3
2022-04-02 16:38:52,607-test_case_demo-19-root-INFO-正在校验中
2022-04-02 16:38:59,072-basepage-15-root-INFO-校验失败
2022-04-02 16:39:04,213-basepage-7-root-INFO-实例传递驱动
2022-04-02 16:39:09,179-basepage-11-root-INFO-进入http://39.98.138.157/shopxo/index.php?s=/index/user/logininfo.html页面
2022-04-02 16:39:09,206-basepage-25-root-INFO-输入用户名或者密码sysadmin4
2022-04-02 16:39:09,216-basepage-25-root-INFO-输入用户名或者密码sysadmin4
2022-04-02 16:39:09,442-test_case_demo-19-root-INFO-正在校验中
2022-04-02 16:39:15,919-basepage-15-root-INFO-校验失败
2022-04-02 16:39:21,046-basepage-7-root-INFO-实例传递驱动
2022-04-02 16:39:25,824-basepage-11-root-INFO-进入http://39.98.138.157/shopxo/index.php?s=/index/user/logininfo.html页面
2022-04-02 16:39:25,846-basepage-25-root-INFO-输入用户名或者密码sysadmin5
2022-04-02 16:39:25,860-basepage-25-root-INFO-输入用户名或者密码sysadmin5
2022-04-02 16:39:26,084-test_case_demo-19-root-INFO-正在校验中
2022-04-02 16:39:32,535-basepage-15-root-INFO-校验失败
2022-04-02 16:39:37,702-basepage-7-root-INFO-实例传递驱动
2022-04-02 16:39:42,243-basepage-11-root-INFO-进入http://39.98.138.157/shopxo/index.php?s=/index/user/logininfo.html页面
2022-04-02 16:39:42,272-basepage-25-root-INFO-输入用户名或者密码sysadmin6
2022-04-02 16:39:42,284-basepage-25-root-INFO-输入用户名或者密码sysadmin6
2022-04-02 16:39:42,510-test_case_demo-19-root-INFO-正在校验中
2022-04-02 16:39:48,968-basepage-15-root-INFO-校验失败
2022-04-02 16:39:54,069-basepage-7-root-INFO-实例传递驱动
2022-04-02 16:39:59,047-basepage-11-root-INFO-进入http://39.98.138.157/shopxo/index.php?s=/index/user/logininfo.html页面
2022-04-02 16:39:59,080-basepage-25-root-INFO-输入用户名或者密码sysadmin7
2022-04-02 16:39:59,095-basepage-25-root-INFO-输入用户名或者密码sysadmin7
2022-04-02 16:39:59,319-test_case_demo-19-root-INFO-正在校验中
2022-04-02 16:40:05,771-basepage-15-root-INFO-校验失败
2022-04-02 16:40:10,933-basepage-7-root-INFO-实例传递驱动
2022-04-02 16:40:15,980-basepage-11-root-INFO-进入http://39.98.138.157/shopxo/index.php?s=/index/user/logininfo.html页面
2022-04-02 16:40:16,005-basepage-25-root-INFO-输入用户名或者密码sysadmin8
2022-04-02 16:40:16,016-basepage-25-root-INFO-输入用户名或者密码sysadmin8
2022-04-02 16:40:16,241-test_case_demo-19-root-INFO-正在校验中
2022-04-02 16:40:22,709-basepage-15-root-INFO-校验失败
2022-04-02 16:40:27,857-basepage-7-root-INFO-实例传递驱动
2022-04-02 16:40:32,731-basepage-11-root-INFO-进入http://39.98.138.157/shopxo/index.php?s=/index/user/logininfo.html页面
2022-04-02 16:40:32,755-basepage-25-root-INFO-输入用户名或者密码sysadmin9
2022-04-02 16:40:32,765-basepage-25-root-INFO-输入用户名或者密码sysadmin9
2022-04-02 16:40:32,991-test_case_demo-19-root-INFO-正在校验中
2022-04-02 16:40:39,449-basepage-15-root-INFO-校验失败
2022-04-02 16:40:44,617-basepage-7-root-INFO-实例传递驱动
2022-04-02 16:40:49,378-basepage-11-root-INFO-进入http://39.98.138.157/shopxo/index.php?s=/index/user/logininfo.html页面
2022-04-02 16:40:49,399-basepage-25-root-INFO-输入用户名或者密码sysadmin10
2022-04-02 16:40:49,414-basepage-25-root-INFO-输入用户名或者密码sysadmin10
2022-04-02 16:40:49,639-test_case_demo-19-root-INFO-正在校验中
2022-04-02 16:40:56,077-basepage-15-root-INFO-校验失败
