2022-04-02 16:31:33,012-getdataa-8-root-INFO-获取yaml文件数据
2022-04-02 16:31:33,077-getdataa-8-root-INFO-获取yaml文件数据
2022-04-02 16:31:38,196-basepage-7-root-INFO-实例传递驱动
2022-04-02 16:31:42,856-basepage-11-root-INFO-进入http://39.98.138.157/shopxo/index.php?s=/index/user/logininfo.html页面
2022-04-02 16:31:42,875-basepage-25-root-INFO-输入用户名或者密码sysadmin1
2022-04-02 16:31:42,888-basepage-25-root-INFO-输入用户名或者密码sysadmin1
2022-04-02 16:31:43,609-test_case_demo-19-root-INFO-正在校验中
2022-04-02 16:31:49,620-test_case_demo-23-root-INFO-校验成功
2022-04-02 16:31:55,161-basepage-7-root-INFO-实例传递驱动
2022-04-02 16:31:59,727-basepage-11-root-INFO-进入http://39.98.138.157/shopxo/index.php?s=/index/user/logininfo.html页面
2022-04-02 16:31:59,755-basepage-25-root-INFO-输入用户名或者密码sysadmin2
2022-04-02 16:31:59,767-basepage-25-root-INFO-输入用户名或者密码sysadmin2
2022-04-02 16:32:00,496-test_case_demo-19-root-INFO-正在校验中
2022-04-02 16:32:06,953-basepage-15-root-INFO-校验失败
2022-04-02 16:32:11,599-basepage-7-root-INFO-实例传递驱动
2022-04-02 16:32:16,359-basepage-11-root-INFO-进入http://39.98.138.157/shopxo/index.php?s=/index/user/logininfo.html页面
2022-04-02 16:32:16,381-basepage-25-root-INFO-输入用户名或者密码sysadmin3
2022-04-02 16:32:16,397-basepage-25-root-INFO-输入用户名或者密码sysadmin3
2022-04-02 16:32:16,623-test_case_demo-19-root-INFO-正在校验中
2022-04-02 16:32:23,076-basepage-15-root-INFO-校验失败
2022-04-02 16:32:28,218-basepage-7-root-INFO-实例传递驱动
2022-04-02 16:32:41,700-basepage-11-root-INFO-进入http://39.98.138.157/shopxo/index.php?s=/index/user/logininfo.html页面
2022-04-02 16:32:41,725-basepage-25-root-INFO-输入用户名或者密码sysadmin4
2022-04-02 16:32:41,737-basepage-25-root-INFO-输入用户名或者密码sysadmin4
2022-04-02 16:32:41,969-test_case_demo-19-root-INFO-正在校验中
2022-04-02 16:32:48,423-basepage-15-root-INFO-校验失败
2022-04-02 16:32:53,563-basepage-7-root-INFO-实例传递驱动
2022-04-02 16:32:59,839-basepage-11-root-INFO-进入http://39.98.138.157/shopxo/index.php?s=/index/user/logininfo.html页面
2022-04-02 16:32:59,862-basepage-25-root-INFO-输入用户名或者密码sysadmin5
2022-04-02 16:32:59,876-basepage-25-root-INFO-输入用户名或者密码sysadmin5
2022-04-02 16:33:00,100-test_case_demo-19-root-INFO-正在校验中
2022-04-02 16:33:06,559-basepage-15-root-INFO-校验失败
2022-04-02 16:33:11,710-basepage-7-root-INFO-实例传递驱动
2022-04-02 16:33:16,443-basepage-11-root-INFO-进入http://39.98.138.157/shopxo/index.php?s=/index/user/logininfo.html页面
2022-04-02 16:33:16,464-basepage-25-root-INFO-输入用户名或者密码sysadmin6
2022-04-02 16:33:16,477-basepage-25-root-INFO-输入用户名或者密码sysadmin6
2022-04-02 16:33:17,189-test_case_demo-19-root-INFO-正在校验中
2022-04-02 16:33:23,620-basepage-15-root-INFO-校验失败
2022-04-02 16:33:28,751-basepage-7-root-INFO-实例传递驱动
2022-04-02 16:33:33,539-basepage-11-root-INFO-进入http://39.98.138.157/shopxo/index.php?s=/index/user/logininfo.html页面
2022-04-02 16:33:33,562-basepage-25-root-INFO-输入用户名或者密码sysadmin6
2022-04-02 16:33:33,576-basepage-25-root-INFO-输入用户名或者密码sysadmin6
2022-04-02 16:33:33,800-test_case_demo-19-root-INFO-正在校验中
2022-04-02 16:33:40,263-basepage-15-root-INFO-校验失败
2022-04-02 16:33:45,380-basepage-7-root-INFO-实例传递驱动
2022-04-02 16:33:54,249-basepage-11-root-INFO-进入http://39.98.138.157/shopxo/index.php?s=/index/user/logininfo.html页面
2022-04-02 16:33:54,273-basepage-25-root-INFO-输入用户名或者密码sysadmin7
2022-04-02 16:33:54,283-basepage-25-root-INFO-输入用户名或者密码sysadmin7
2022-04-02 16:33:54,510-test_case_demo-19-root-INFO-正在校验中
2022-04-02 16:34:00,971-basepage-15-root-INFO-校验失败
2022-04-02 16:34:06,113-basepage-7-root-INFO-实例传递驱动
2022-04-02 16:34:16,814-basepage-11-root-INFO-进入http://39.98.138.157/shopxo/index.php?s=/index/user/logininfo.html页面
2022-04-02 16:34:16,841-basepage-25-root-INFO-输入用户名或者密码sysadmin8
2022-04-02 16:34:16,855-basepage-25-root-INFO-输入用户名或者密码sysadmin8
2022-04-02 16:34:17,583-test_case_demo-19-root-INFO-正在校验中
2022-04-02 16:34:24,017-basepage-15-root-INFO-校验失败
2022-04-02 16:34:29,150-basepage-7-root-INFO-实例传递驱动
2022-04-02 16:34:37,921-basepage-11-root-INFO-进入http://39.98.138.157/shopxo/index.php?s=/index/user/logininfo.html页面
2022-04-02 16:34:37,943-basepage-25-root-INFO-输入用户名或者密码sysadmin9
2022-04-02 16:34:37,955-basepage-25-root-INFO-输入用户名或者密码sysadmin9
2022-04-02 16:34:38,179-test_case_demo-19-root-INFO-正在校验中
2022-04-02 16:34:44,641-basepage-15-root-INFO-校验失败
2022-04-02 16:34:49,780-basepage-7-root-INFO-实例传递驱动
2022-04-02 16:35:00,511-basepage-11-root-INFO-进入http://39.98.138.157/shopxo/index.php?s=/index/user/logininfo.html页面
2022-04-02 16:35:00,538-basepage-25-root-INFO-输入用户名或者密码sysadmin10
2022-04-02 16:35:00,551-basepage-25-root-INFO-输入用户名或者密码sysadmin10
2022-04-02 16:35:00,790-test_case_demo-19-root-INFO-正在校验中
2022-04-02 16:35:07,241-basepage-15-root-INFO-校验失败
2022-04-02 16:35:12,404-basepage-7-root-INFO-实例传递驱动
2022-04-02 16:35:17,008-basepage-11-root-INFO-进入http://39.98.138.157/shopxo/index.php?s=/index/user/logininfo.html页面
2022-04-02 16:35:17,031-basepage-25-root-INFO-输入用户名或者密码sysadmin11
2022-04-02 16:35:17,047-basepage-25-root-INFO-输入用户名或者密码sysadmin11
2022-04-02 16:35:17,276-test_case_demo-19-root-INFO-正在校验中
2022-04-02 16:35:23,733-basepage-15-root-INFO-校验失败
2022-04-02 16:35:28,902-basepage-7-root-INFO-实例传递驱动
2022-04-02 16:35:33,721-basepage-11-root-INFO-进入http://39.98.138.157/shopxo/index.php?s=/index/user/logininfo.html页面
2022-04-02 16:35:33,741-basepage-25-root-INFO-输入用户名或者密码sysadmin12
2022-04-02 16:35:33,753-basepage-25-root-INFO-输入用户名或者密码sysadmin12
2022-04-02 16:35:34,473-test_case_demo-19-root-INFO-正在校验中
2022-04-02 16:35:40,941-basepage-15-root-INFO-校验失败
2022-04-02 16:35:46,089-basepage-7-root-INFO-实例传递驱动
2022-04-02 16:35:50,960-basepage-11-root-INFO-进入http://39.98.138.157/shopxo/index.php?s=/index/user/logininfo.html页面
2022-04-02 16:35:50,981-basepage-25-root-INFO-输入用户名或者密码sysadmin13
2022-04-02 16:35:50,996-basepage-25-root-INFO-输入用户名或者密码sysadmin13
2022-04-02 16:35:51,222-test_case_demo-19-root-INFO-正在校验中
2022-04-02 16:35:57,676-basepage-15-root-INFO-校验失败
2022-04-02 16:36:02,810-basepage-7-root-INFO-实例传递驱动
2022-04-02 16:36:07,298-basepage-11-root-INFO-进入http://39.98.138.157/shopxo/index.php?s=/index/user/logininfo.html页面
2022-04-02 16:36:07,321-basepage-25-root-INFO-输入用户名或者密码sysadmin14
2022-04-02 16:36:07,331-basepage-25-root-INFO-输入用户名或者密码sysadmin14
2022-04-02 16:36:07,558-test_case_demo-19-root-INFO-正在校验中
2022-04-02 16:36:14,011-basepage-15-root-INFO-校验失败
2022-04-02 16:36:19,157-basepage-7-root-INFO-实例传递驱动
2022-04-02 16:36:24,050-basepage-11-root-INFO-进入http://39.98.138.157/shopxo/index.php?s=/index/user/logininfo.html页面
2022-04-02 16:36:24,080-basepage-25-root-INFO-输入用户名或者密码sysadmin15
2022-04-02 16:36:24,096-basepage-25-root-INFO-输入用户名或者密码sysadmin15
2022-04-02 16:36:24,322-test_case_demo-19-root-INFO-正在校验中
2022-04-02 16:36:30,785-basepage-15-root-INFO-校验失败
2022-04-02 16:36:35,944-basepage-7-root-INFO-实例传递驱动
2022-04-02 16:36:43,034-basepage-11-root-INFO-进入http://39.98.138.157/shopxo/index.php?s=/index/user/logininfo.html页面
2022-04-02 16:36:43,057-basepage-25-root-INFO-输入用户名或者密码sysadmin16
2022-04-02 16:36:43,076-basepage-25-root-INFO-输入用户名或者密码sysadmin16
2022-04-02 16:36:43,306-test_case_demo-19-root-INFO-正在校验中
2022-04-02 16:36:49,761-basepage-15-root-INFO-校验失败
2022-04-02 16:36:54,911-basepage-7-root-INFO-实例传递驱动
2022-04-02 16:37:07,146-basepage-11-root-INFO-进入http://39.98.138.157/shopxo/index.php?s=/index/user/logininfo.html页面
2022-04-02 16:37:07,166-basepage-25-root-INFO-输入用户名或者密码sysadmin17
2022-04-02 16:37:07,180-basepage-25-root-INFO-输入用户名或者密码sysadmin17
2022-04-02 16:37:07,901-test_case_demo-19-root-INFO-正在校验中
2022-04-02 16:37:14,355-basepage-15-root-INFO-校验失败
2022-04-02 16:37:19,483-basepage-7-root-INFO-实例传递驱动
2022-04-02 16:37:24,939-basepage-11-root-INFO-进入http://39.98.138.157/shopxo/index.php?s=/index/user/logininfo.html页面
2022-04-02 16:37:24,964-basepage-25-root-INFO-输入用户名或者密码sysadmin18
2022-04-02 16:37:24,979-basepage-25-root-INFO-输入用户名或者密码sysadmin18
2022-04-02 16:37:25,205-test_case_demo-19-root-INFO-正在校验中
