2022-04-02 16:46:56,005-getdataa-8-root-INFO-获取yaml文件数据
2022-04-02 16:46:56,086-getdataa-8-root-INFO-获取yaml文件数据
2022-04-02 16:47:01,265-basepage-7-root-INFO-实例传递驱动
2022-04-02 16:47:05,860-basepage-11-root-INFO-进入http://39.98.138.157/shopxo/index.php?s=/index/user/logininfo.html页面
2022-04-02 16:47:05,880-basepage-25-root-INFO-输入用户名或者密码sysadmin1
2022-04-02 16:47:05,894-basepage-25-root-INFO-输入用户名或者密码sysadmin1
2022-04-02 16:47:06,123-test_case_demo-19-root-INFO-正在校验中
2022-04-02 16:47:08,215-test_case_demo-23-root-INFO-校验成功
2022-04-02 16:47:13,778-basepage-7-root-INFO-实例传递驱动
2022-04-02 16:47:18,274-basepage-11-root-INFO-进入http://39.98.138.157/shopxo/index.php?s=/index/user/logininfo.html页面
2022-04-02 16:47:18,300-basepage-25-root-INFO-输入用户名或者密码sysadmin2
2022-04-02 16:47:18,315-basepage-25-root-INFO-输入用户名或者密码sysadmin2
2022-04-02 16:47:18,541-test_case_demo-19-root-INFO-正在校验中
2022-04-02 16:47:24,996-basepage-15-root-INFO-校验失败
2022-04-02 16:47:30,174-basepage-7-root-INFO-实例传递驱动
2022-04-02 16:47:35,146-basepage-11-root-INFO-进入http://39.98.138.157/shopxo/index.php?s=/index/user/logininfo.html页面
2022-04-02 16:47:35,172-basepage-25-root-INFO-输入用户名或者密码sysadmin3
2022-04-02 16:47:35,182-basepage-25-root-INFO-输入用户名或者密码sysadmin3
2022-04-02 16:47:35,409-test_case_demo-19-root-INFO-正在校验中
2022-04-02 16:47:41,872-basepage-15-root-INFO-校验失败
