2022-04-02 16:25:41,503-getdataa-8-root-INFO-获取yaml文件数据
2022-04-02 16:25:41,588-getdataa-8-root-INFO-获取yaml文件数据
2022-04-02 16:25:46,717-basepage-7-root-INFO-实例传递驱动
2022-04-02 16:25:51,756-basepage-11-root-INFO-进入http://39.98.138.157/shopxo/index.php?s=/index/user/logininfo.html页面
2022-04-02 16:25:51,782-basepage-25-root-INFO-输入用户名或者密码sysadmin2
2022-04-02 16:25:51,797-basepage-25-root-INFO-输入用户名或者密码sysadmin2
2022-04-02 16:25:52,023-test_case_demo-19-root-INFO-正在校验中
2022-04-02 16:25:58,477-basepage-15-root-INFO-校验失败
2022-04-02 16:26:03,648-basepage-7-root-INFO-实例传递驱动
2022-04-02 16:26:08,515-basepage-11-root-INFO-进入http://39.98.138.157/shopxo/index.php?s=/index/user/logininfo.html页面
2022-04-02 16:26:08,538-basepage-25-root-INFO-输入用户名或者密码sysadmin3
2022-04-02 16:26:08,550-basepage-25-root-INFO-输入用户名或者密码sysadmin3
2022-04-02 16:26:08,775-test_case_demo-19-root-INFO-正在校验中
2022-04-02 16:26:15,236-basepage-15-root-INFO-校验失败
2022-04-02 16:26:20,347-basepage-7-root-INFO-实例传递驱动
2022-04-02 16:26:25,392-basepage-11-root-INFO-进入http://39.98.138.157/shopxo/index.php?s=/index/user/logininfo.html页面
2022-04-02 16:26:25,414-basepage-25-root-INFO-输入用户名或者密码sysadmin1
2022-04-02 16:26:25,428-basepage-25-root-INFO-输入用户名或者密码sysadmin1
2022-04-02 16:26:25,652-test_case_demo-19-root-INFO-正在校验中
2022-04-02 16:26:31,677-test_case_demo-23-root-INFO-校验成功
